1708840992.636461 client started (34152): version 3.4, socket /tmp/tmux-1000/default, protocol 8
1708840992.636520 on Linux 6.7.5-arch1-1 #1 SMP PREEMPT_DYNAMIC Sat, 17 Feb 2024 14:02:33 +0000
1708840992.636531 using libevent 2.1.12-stable poll
1708840992.636539 using ncurses 6.4 20230520
1708840992.636602 flags are 0x18010000
1708840992.636644 socket is /tmp/tmux-1000/default
1708840992.636667 trying connect
1708840992.636697 connect failed: Connection refused
1708840992.636716 lock file is /tmp/tmux-1000/default.lock
1708840992.636756 flock succeeded
1708840992.636764 got lock (6)
1708840992.636780 trying connect
1708840992.636800 connect failed: Connection refused
1708840992.637645 add peer 0x63711d5de730: 7 ((nil))
1708840992.639117 sending message 100 to peer 0x63711d5de730 (4 bytes)
1708840992.639138 sending message 111 to peer 0x63711d5de730 (8 bytes)
1708840992.639148 sending message 101 to peer 0x63711d5de730 (12 bytes)
1708840992.639156 sending message 109 to peer 0x63711d5de730 (4 bytes)
1708840992.639165 sending message 102 to peer 0x63711d5de730 (11 bytes)
1708840992.639173 sending message 108 to peer 0x63711d5de730 (21 bytes)
1708840992.639182 sending message 112 to peer 0x63711d5de730 (70 bytes)
1708840992.639191 sending message 112 to peer 0x63711d5de730 (5 bytes)
1708840992.639199 sending message 112 to peer 0x63711d5de730 (6 bytes)
1708840992.639207 sending message 112 to peer 0x63711d5de730 (6 bytes)
1708840992.639216 sending message 112 to peer 0x63711d5de730 (10 bytes)
1708840992.639224 sending message 112 to peer 0x63711d5de730 (13 bytes)
1708840992.639233 sending message 112 to peer 0x63711d5de730 (14 bytes)
1708840992.639241 sending message 112 to peer 0x63711d5de730 (19 bytes)
1708840992.639249 sending message 112 to peer 0x63711d5de730 (11 bytes)
1708840992.639257 sending message 112 to peer 0x63711d5de730 (10 bytes)
1708840992.639265 sending message 112 to peer 0x63711d5de730 (15 bytes)
1708840992.639273 sending message 112 to peer 0x63711d5de730 (21 bytes)
1708840992.639282 sending message 112 to peer 0x63711d5de730 (13 bytes)
1708840992.639290 sending message 112 to peer 0x63711d5de730 (7 bytes)
1708840992.639298 sending message 112 to peer 0x63711d5de730 (13 bytes)
1708840992.639306 sending message 112 to peer 0x63711d5de730 (7 bytes)
1708840992.639314 sending message 112 to peer 0x63711d5de730 (13 bytes)
1708840992.639323 sending message 112 to peer 0x63711d5de730 (9 bytes)
1708840992.639331 sending message 112 to peer 0x63711d5de730 (21 bytes)
1708840992.639339 sending message 112 to peer 0x63711d5de730 (13 bytes)
1708840992.639347 sending message 112 to peer 0x63711d5de730 (9 bytes)
1708840992.639355 sending message 112 to peer 0x63711d5de730 (16 bytes)
1708840992.639364 sending message 112 to peer 0x63711d5de730 (13 bytes)
1708840992.639372 sending message 112 to peer 0x63711d5de730 (9 bytes)
1708840992.639380 sending message 112 to peer 0x63711d5de730 (9 bytes)
1708840992.639388 sending message 112 to peer 0x63711d5de730 (12 bytes)
1708840992.639397 sending message 112 to peer 0x63711d5de730 (8 bytes)
1708840992.639405 sending message 112 to peer 0x63711d5de730 (13 bytes)
1708840992.639413 sending message 112 to peer 0x63711d5de730 (7 bytes)
1708840992.639422 sending message 112 to peer 0x63711d5de730 (7 bytes)
1708840992.639430 sending message 112 to peer 0x63711d5de730 (9 bytes)
1708840992.639438 sending message 112 to peer 0x63711d5de730 (6 bytes)
1708840992.639446 sending message 112 to peer 0x63711d5de730 (9 bytes)
1708840992.639455 sending message 112 to peer 0x63711d5de730 (15 bytes)
1708840992.639463 sending message 112 to peer 0x63711d5de730 (13 bytes)
1708840992.639471 sending message 112 to peer 0x63711d5de730 (12 bytes)
1708840992.639480 sending message 112 to peer 0x63711d5de730 (8 bytes)
1708840992.639488 sending message 112 to peer 0x63711d5de730 (14 bytes)
1708840992.639496 sending message 112 to peer 0x63711d5de730 (9 bytes)
1708840992.639504 sending message 112 to peer 0x63711d5de730 (10 bytes)
1708840992.639512 sending message 112 to peer 0x63711d5de730 (10 bytes)
1708840992.639521 sending message 112 to peer 0x63711d5de730 (10 bytes)
1708840992.639546 sending message 112 to peer 0x63711d5de730 (10 bytes)
1708840992.639555 sending message 112 to peer 0x63711d5de730 (11 bytes)
1708840992.639563 sending message 112 to peer 0x63711d5de730 (12 bytes)
1708840992.639572 sending message 112 to peer 0x63711d5de730 (12 bytes)
1708840992.639580 sending message 112 to peer 0x63711d5de730 (12 bytes)
1708840992.639588 sending message 112 to peer 0x63711d5de730 (12 bytes)
1708840992.639596 sending message 112 to peer 0x63711d5de730 (12 bytes)
1708840992.639604 sending message 112 to peer 0x63711d5de730 (11 bytes)
1708840992.639613 sending message 112 to peer 0x63711d5de730 (11 bytes)
1708840992.639621 sending message 112 to peer 0x63711d5de730 (12 bytes)
1708840992.639629 sending message 112 to peer 0x63711d5de730 (12 bytes)
1708840992.639637 sending message 112 to peer 0x63711d5de730 (12 bytes)
1708840992.639645 sending message 112 to peer 0x63711d5de730 (12 bytes)
1708840992.639653 sending message 112 to peer 0x63711d5de730 (12 bytes)
1708840992.639661 sending message 112 to peer 0x63711d5de730 (9 bytes)
1708840992.639672 sending message 112 to peer 0x63711d5de730 (12 bytes)
1708840992.639691 sending message 112 to peer 0x63711d5de730 (13 bytes)
1708840992.639706 sending message 112 to peer 0x63711d5de730 (13 bytes)
1708840992.639718 sending message 112 to peer 0x63711d5de730 (13 bytes)
1708840992.639729 sending message 112 to peer 0x63711d5de730 (13 bytes)
1708840992.639741 sending message 112 to peer 0x63711d5de730 (13 bytes)
1708840992.639753 sending message 112 to peer 0x63711d5de730 (8 bytes)
1708840992.639767 sending message 112 to peer 0x63711d5de730 (11 bytes)
1708840992.639779 sending message 112 to peer 0x63711d5de730 (11 bytes)
1708840992.639793 sending message 112 to peer 0x63711d5de730 (11 bytes)
1708840992.639805 sending message 112 to peer 0x63711d5de730 (12 bytes)
1708840992.639823 sending message 112 to peer 0x63711d5de730 (12 bytes)
1708840992.639839 sending message 112 to peer 0x63711d5de730 (13 bytes)
1708840992.639849 sending message 112 to peer 0x63711d5de730 (12 bytes)
1708840992.639857 sending message 112 to peer 0x63711d5de730 (13 bytes)
1708840992.639865 sending message 112 to peer 0x63711d5de730 (13 bytes)
1708840992.639873 sending message 112 to peer 0x63711d5de730 (13 bytes)
1708840992.639881 sending message 112 to peer 0x63711d5de730 (8 bytes)
1708840992.639889 sending message 112 to peer 0x63711d5de730 (13 bytes)
1708840992.639898 sending message 112 to peer 0x63711d5de730 (13 bytes)
1708840992.639906 sending message 112 to peer 0x63711d5de730 (13 bytes)
1708840992.639914 sending message 112 to peer 0x63711d5de730 (13 bytes)
1708840992.639922 sending message 112 to peer 0x63711d5de730 (13 bytes)
1708840992.639930 sending message 112 to peer 0x63711d5de730 (12 bytes)
1708840992.639938 sending message 112 to peer 0x63711d5de730 (12 bytes)
1708840992.639947 sending message 112 to peer 0x63711d5de730 (13 bytes)
1708840992.639955 sending message 112 to peer 0x63711d5de730 (12 bytes)
1708840992.639963 sending message 112 to peer 0x63711d5de730 (13 bytes)
1708840992.639971 sending message 112 to peer 0x63711d5de730 (8 bytes)
1708840992.639979 sending message 112 to peer 0x63711d5de730 (13 bytes)
1708840992.639987 sending message 112 to peer 0x63711d5de730 (13 bytes)
1708840992.639996 sending message 112 to peer 0x63711d5de730 (13 bytes)
1708840992.640014 sending message 112 to peer 0x63711d5de730 (13 bytes)
1708840992.640031 sending message 112 to peer 0x63711d5de730 (13 bytes)
1708840992.640049 sending message 112 to peer 0x63711d5de730 (13 bytes)
1708840992.640059 sending message 112 to peer 0x63711d5de730 (13 bytes)
1708840992.640067 sending message 112 to peer 0x63711d5de730 (12 bytes)
1708840992.640075 sending message 112 to peer 0x63711d5de730 (12 bytes)
1708840992.640084 sending message 112 to peer 0x63711d5de730 (13 bytes)
1708840992.640092 sending message 112 to peer 0x63711d5de730 (8 bytes)
1708840992.640100 sending message 112 to peer 0x63711d5de730 (12 bytes)
1708840992.640108 sending message 112 to peer 0x63711d5de730 (13 bytes)
1708840992.640126 sending message 112 to peer 0x63711d5de730 (13 bytes)
1708840992.640134 sending message 112 to peer 0x63711d5de730 (13 bytes)
1708840992.640143 sending message 112 to peer 0x63711d5de730 (13 bytes)
1708840992.640151 sending message 112 to peer 0x63711d5de730 (13 bytes)
1708840992.640159 sending message 112 to peer 0x63711d5de730 (13 bytes)
1708840992.640167 sending message 112 to peer 0x63711d5de730 (13 bytes)
1708840992.640175 sending message 112 to peer 0x63711d5de730 (13 bytes)
1708840992.640184 sending message 112 to peer 0x63711d5de730 (12 bytes)
1708840992.640192 sending message 112 to peer 0x63711d5de730 (10 bytes)
1708840992.640200 sending message 112 to peer 0x63711d5de730 (12 bytes)
1708840992.640208 sending message 112 to peer 0x63711d5de730 (13 bytes)
1708840992.640216 sending message 112 to peer 0x63711d5de730 (12 bytes)
1708840992.640225 sending message 112 to peer 0x63711d5de730 (13 bytes)
1708840992.640233 sending message 112 to peer 0x63711d5de730 (13 bytes)
1708840992.640241 sending message 112 to peer 0x63711d5de730 (13 bytes)
1708840992.640249 sending message 112 to peer 0x63711d5de730 (13 bytes)
1708840992.640257 sending message 112 to peer 0x63711d5de730 (13 bytes)
1708840992.640265 sending message 112 to peer 0x63711d5de730 (13 bytes)
1708840992.640274 sending message 112 to peer 0x63711d5de730 (13 bytes)
1708840992.640282 sending message 112 to peer 0x63711d5de730 (10 bytes)
1708840992.640290 sending message 112 to peer 0x63711d5de730 (13 bytes)
1708840992.640298 sending message 112 to peer 0x63711d5de730 (12 bytes)
1708840992.640306 sending message 112 to peer 0x63711d5de730 (12 bytes)
1708840992.640314 sending message 112 to peer 0x63711d5de730 (13 bytes)
1708840992.640323 sending message 112 to peer 0x63711d5de730 (10 bytes)
1708840992.640331 sending message 112 to peer 0x63711d5de730 (10 bytes)
1708840992.640339 sending message 112 to peer 0x63711d5de730 (10 bytes)
1708840992.640347 sending message 112 to peer 0x63711d5de730 (12 bytes)
1708840992.640356 sending message 112 to peer 0x63711d5de730 (13 bytes)
1708840992.640364 sending message 112 to peer 0x63711d5de730 (13 bytes)
1708840992.640372 sending message 112 to peer 0x63711d5de730 (13 bytes)
1708840992.640380 sending message 112 to peer 0x63711d5de730 (13 bytes)
1708840992.640388 sending message 112 to peer 0x63711d5de730 (13 bytes)
1708840992.640396 sending message 112 to peer 0x63711d5de730 (10 bytes)
1708840992.640404 sending message 112 to peer 0x63711d5de730 (11 bytes)
1708840992.640412 sending message 112 to peer 0x63711d5de730 (12 bytes)
1708840992.640420 sending message 112 to peer 0x63711d5de730 (12 bytes)
1708840992.640429 sending message 112 to peer 0x63711d5de730 (12 bytes)
1708840992.640467 sending message 112 to peer 0x63711d5de730 (12 bytes)
1708840992.640487 sending message 112 to peer 0x63711d5de730 (12 bytes)
1708840992.640495 sending message 112 to peer 0x63711d5de730 (11 bytes)
1708840992.640503 sending message 112 to peer 0x63711d5de730 (12 bytes)
1708840992.640511 sending message 112 to peer 0x63711d5de730 (12 bytes)
1708840992.640520 sending message 112 to peer 0x63711d5de730 (13 bytes)
1708840992.640528 sending message 112 to peer 0x63711d5de730 (13 bytes)
1708840992.640536 sending message 112 to peer 0x63711d5de730 (13 bytes)
1708840992.640544 sending message 112 to peer 0x63711d5de730 (13 bytes)
1708840992.640552 sending message 112 to peer 0x63711d5de730 (13 bytes)
1708840992.640560 sending message 112 to peer 0x63711d5de730 (10 bytes)
1708840992.640568 sending message 112 to peer 0x63711d5de730 (9 bytes)
1708840992.640576 sending message 112 to peer 0x63711d5de730 (12 bytes)
1708840992.640584 sending message 112 to peer 0x63711d5de730 (13 bytes)
1708840992.640593 sending message 112 to peer 0x63711d5de730 (13 bytes)
1708840992.640601 sending message 112 to peer 0x63711d5de730 (13 bytes)
1708840992.640609 sending message 112 to peer 0x63711d5de730 (13 bytes)
1708840992.640617 sending message 112 to peer 0x63711d5de730 (13 bytes)
1708840992.640634 sending message 112 to peer 0x63711d5de730 (9 bytes)
1708840992.640642 sending message 112 to peer 0x63711d5de730 (12 bytes)
1708840992.640651 sending message 112 to peer 0x63711d5de730 (13 bytes)
1708840992.640659 sending message 112 to peer 0x63711d5de730 (13 bytes)
1708840992.640667 sending message 112 to peer 0x63711d5de730 (13 bytes)
1708840992.640675 sending message 112 to peer 0x63711d5de730 (13 bytes)
1708840992.640683 sending message 112 to peer 0x63711d5de730 (13 bytes)
1708840992.640691 sending message 112 to peer 0x63711d5de730 (11 bytes)
1708840992.640699 sending message 112 to peer 0x63711d5de730 (12 bytes)
1708840992.640707 sending message 112 to peer 0x63711d5de730 (13 bytes)
1708840992.640716 sending message 112 to peer 0x63711d5de730 (13 bytes)
1708840992.640724 sending message 112 to peer 0x63711d5de730 (13 bytes)
1708840992.640732 sending message 112 to peer 0x63711d5de730 (13 bytes)
1708840992.640740 sending message 112 to peer 0x63711d5de730 (13 bytes)
1708840992.640748 sending message 112 to peer 0x63711d5de730 (11 bytes)
1708840992.640757 sending message 112 to peer 0x63711d5de730 (12 bytes)
1708840992.640765 sending message 112 to peer 0x63711d5de730 (12 bytes)
1708840992.640773 sending message 112 to peer 0x63711d5de730 (12 bytes)
1708840992.640782 sending message 112 to peer 0x63711d5de730 (12 bytes)
1708840992.640790 sending message 112 to peer 0x63711d5de730 (12 bytes)
1708840992.640798 sending message 112 to peer 0x63711d5de730 (22 bytes)
1708840992.640806 sending message 112 to peer 0x63711d5de730 (12 bytes)
1708840992.640815 sending message 112 to peer 0x63711d5de730 (9 bytes)
1708840992.640824 sending message 112 to peer 0x63711d5de730 (6 bytes)
1708840992.640832 sending message 112 to peer 0x63711d5de730 (13 bytes)
1708840992.640841 sending message 112 to peer 0x63711d5de730 (10 bytes)
1708840992.640849 sending message 112 to peer 0x63711d5de730 (15 bytes)
1708840992.640857 sending message 112 to peer 0x63711d5de730 (11 bytes)
1708840992.640866 sending message 112 to peer 0x63711d5de730 (9 bytes)
1708840992.640874 sending message 112 to peer 0x63711d5de730 (70 bytes)
1708840992.640883 sending message 112 to peer 0x63711d5de730 (69 bytes)
1708840992.640892 sending message 112 to peer 0x63711d5de730 (34 bytes)
1708840992.640900 sending message 112 to peer 0x63711d5de730 (34 bytes)
1708840992.640909 sending message 112 to peer 0x63711d5de730 (69 bytes)
1708840992.640917 sending message 112 to peer 0x63711d5de730 (12 bytes)
1708840992.640926 sending message 112 to peer 0x63711d5de730 (10 bytes)
1708840992.640935 sending message 112 to peer 0x63711d5de730 (10 bytes)
1708840992.640944 sending message 112 to peer 0x63711d5de730 (15 bytes)
1708840992.640953 sending message 112 to peer 0x63711d5de730 (11 bytes)
1708840992.640962 sending message 112 to peer 0x63711d5de730 (10 bytes)
1708840992.640970 sending message 112 to peer 0x63711d5de730 (10 bytes)
1708840992.640978 sending message 112 to peer 0x63711d5de730 (17 bytes)
1708840992.640987 sending message 112 to peer 0x63711d5de730 (10 bytes)
1708840992.640995 sending message 112 to peer 0x63711d5de730 (13 bytes)
1708840992.641004 sending message 112 to peer 0x63711d5de730 (17 bytes)
1708840992.641012 sending message 112 to peer 0x63711d5de730 (5 bytes)
1708840992.641021 sending message 112 to peer 0x63711d5de730 (9 bytes)
1708840992.641029 sending message 112 to peer 0x63711d5de730 (15 bytes)
1708840992.641041 sending message 104 to peer 0x63711d5de730 (0 bytes)
1708840992.641053 sending message 110 to peer 0x63711d5de730 (0 bytes)
1708840992.641064 sending message 107 to peer 0x63711d5de730 (4 bytes)
1708840992.641074 sending message 105 to peer 0x63711d5de730 (15 bytes)
1708840992.641083 sending message 105 to peer 0x63711d5de730 (32 bytes)
1708840992.641091 sending message 105 to peer 0x63711d5de730 (8 bytes)
1708840992.641100 sending message 105 to peer 0x63711d5de730 (40 bytes)
1708840992.641108 sending message 105 to peer 0x63711d5de730 (58 bytes)
1708840992.641117 sending message 105 to peer 0x63711d5de730 (51 bytes)
1708840992.641132 sending message 105 to peer 0x63711d5de730 (15 bytes)
1708840992.641141 sending message 105 to peer 0x63711d5de730 (25 bytes)
1708840992.641149 sending message 105 to peer 0x63711d5de730 (13 bytes)
1708840992.641157 sending message 105 to peer 0x63711d5de730 (21 bytes)
1708840992.641167 sending message 105 to peer 0x63711d5de730 (21 bytes)
1708840992.641175 sending message 105 to peer 0x63711d5de730 (34 bytes)
1708840992.641184 sending message 105 to peer 0x63711d5de730 (67 bytes)
1708840992.641193 sending message 105 to peer 0x63711d5de730 (13 bytes)
1708840992.641201 sending message 105 to peer 0x63711d5de730 (15 bytes)
1708840992.641209 sending message 105 to peer 0x63711d5de730 (16 bytes)
1708840992.641217 sending message 105 to peer 0x63711d5de730 (17 bytes)
1708840992.641226 sending message 105 to peer 0x63711d5de730 (1817 bytes)
1708840992.641266 sending message 105 to peer 0x63711d5de730 (104 bytes)
1708840992.641275 sending message 105 to peer 0x63711d5de730 (47 bytes)
1708840992.641284 sending message 105 to peer 0x63711d5de730 (23 bytes)
1708840992.641292 sending message 105 to peer 0x63711d5de730 (17 bytes)
1708840992.641301 sending message 105 to peer 0x63711d5de730 (26 bytes)
1708840992.641309 sending message 105 to peer 0x63711d5de730 (10 bytes)
1708840992.641318 sending message 105 to peer 0x63711d5de730 (11 bytes)
1708840992.641326 sending message 105 to peer 0x63711d5de730 (8 bytes)
1708840992.641335 sending message 105 to peer 0x63711d5de730 (11 bytes)
1708840992.641343 sending message 105 to peer 0x63711d5de730 (11 bytes)
1708840992.641351 sending message 105 to peer 0x63711d5de730 (17 bytes)
1708840992.641360 sending message 105 to peer 0x63711d5de730 (31 bytes)
1708840992.641368 sending message 105 to peer 0x63711d5de730 (50 bytes)
1708840992.641377 sending message 105 to peer 0x63711d5de730 (104 bytes)
1708840992.641386 sending message 105 to peer 0x63711d5de730 (54 bytes)
1708840992.641394 sending message 105 to peer 0x63711d5de730 (26 bytes)
1708840992.641402 sending message 105 to peer 0x63711d5de730 (18 bytes)
1708840992.641411 sending message 105 to peer 0x63711d5de730 (18 bytes)
1708840992.641419 sending message 105 to peer 0x63711d5de730 (18 bytes)
1708840992.641427 sending message 105 to peer 0x63711d5de730 (20 bytes)
1708840992.641435 sending message 105 to peer 0x63711d5de730 (16 bytes)
1708840992.641444 sending message 105 to peer 0x63711d5de730 (60 bytes)
1708840992.641453 sending message 105 to peer 0x63711d5de730 (33 bytes)
1708840992.641461 sending message 105 to peer 0x63711d5de730 (38 bytes)
1708840992.641470 sending message 105 to peer 0x63711d5de730 (16 bytes)
1708840992.641478 sending message 106 to peer 0x63711d5de730 (0 bytes)
1708840992.641615 sending message 200 to peer 0x63711d5de730 (4 bytes)
1708840992.641625 client loop enter
1708840992.641666 client_signal: Child exited
1708840992.709568 peer 0x63711d5de730 message 207
1708840992.709575 sending message 208 to peer 0x63711d5de730 (0 bytes)
1708840998.094592 peer 0x63711d5de730 message 210
1708840998.094600 sending message 205 to peer 0x63711d5de730 (0 bytes)
1708840998.094927 peer 0x63711d5de730 message 204
1708840998.094932 client loop exit
